<?xml version="1.0" encoding="UTF-8"?>
<!-- Generated by org.testng.reporters.JUnitReportReporter -->
<testsuite skipped="0" hostname="ganesh-PC" name="testPakage.AppTest" tests="1" failures="0" timestamp="22 Apr 2019 06:33:21 GMT" time="0.014" errors="0">
  <testcase name="shouldAnswerWithTrue" time="0.014" classname="testPakage.AppTest"/>
</testsuite> <!-- testPakage.AppTest -->
